<?xml version="1.0" encoding="UTF-8"?>
<!-- Generated by org.testng.reporters.JUnitReportReporter -->
<testsuite skipped="0" hostname="vt1056" name="com.qa.runnerType.PomRunner" tests="1" failures="0" timestamp="2019-12-03T16:14:13 IST" time="86.546" errors="0">
  <testcase name="feature" time="86.546" classname="com.qa.runnerType.PomRunner"/>
</testsuite> <!-- com.qa.runnerType.PomRunner -->
